TN:
SF:src/index.js
FN:5,readFile
FN:11,genDiff
FNF:2
FNH:2
FNDA:2,readFile
FNDA:1,genDiff
DA:1,1
DA:2,1
DA:3,1
DA:4,1
DA:5,1
DA:6,2
DA:7,2
DA:8,2
DA:9,1
DA:10,1
DA:11,1
DA:12,1
DA:13,1
DA:14,1
DA:15,1
DA:16,5
DA:17,1
DA:18,5
DA:19,1
DA:20,5
DA:21,2
DA:22,2
DA:23,1
DA:24,1
DA:25,1
DA:26,1
DA:27,1
DA:28,1
DA:29,1
LF:29
LH:29
BRDA:1,0,0,1
BRDA:5,1,0,2
BRDA:11,2,0,1
BRDA:15,3,0,5
BRDA:16,4,0,4
BRDA:16,5,0,2
BRDA:16,6,0,1
BRDA:18,7,0,4
BRDA:18,8,0,3
BRDA:18,9,0,1
BRDA:18,10,0,1
BRDA:20,11,0,3
BRDA:20,12,0,2
BRDA:20,13,0,2
BRDA:22,14,0,1
BRF:15
BRH:15
end_of_record
